Using pre-set license
Built from '2020.3/staging' branch; Version is '2020.3.19f1 (68f137dc9bbe) revision 6877495'; Using compiler version '192528614'; Build Type 'Release'
OS: 'Windows 10 Pro; OS build 19042.1237; Version 2009; 64bit' Language: 'en' Physical Memory: 32702 MB
BatchMode: 1, IsHumanControllingUs: 0, StartBugReporterOnCrash: 0, Is64bit: 1, IsPro: 0

COMMAND LINE ARGUMENTS:
C:\Program Files\UnityVersions\2020.3.19f1\Editor\Unity.exe
-adb2
-batchMode
-noUpm
-name
AssetImportWorker0
-projectPath
D:/GitHub/vertiefung-shader-urp
-logFile
Logs/AssetImportWorker0.log
-srvPort
55142
Successfully changed project path to: D:/GitHub/vertiefung-shader-urp
D:/GitHub/vertiefung-shader-urp
Using Asset Import Pipeline V2.
Refreshing native plugins compatible for Editor in 94.69 ms, found 2 plugins.
Preloading 0 native plugins for Editor in 0.00 ms.
Initialize engine version: 2020.3.19f1 (68f137dc9bbe)
[Subsystems] Discovering subsystems at path C:/Program Files/UnityVersions/2020.3.19f1/Editor/Data/Resources/UnitySubsystems
[Subsystems] Discovering subsystems at path D:/GitHub/vertiefung-shader-urp/Assets
GfxDevice: creating device client; threaded=0
Direct3D:
    Version:  Direct3D 11.0 [level 11.1]
    Renderer: NVIDIA GeForce RTX 2080 Ti (ID=0x1e07)
    Vendor:   
    VRAM:     11048 MB
    Driver:   27.21.14.5671
Initialize mono
Mono path[0] = 'C:/Program Files/UnityVersions/2020.3.19f1/Editor/Data/Managed'
Mono path[1] = 'C:/Program Files/UnityVersions/2020.3.19f1/Editor/Data/MonoBleedingEdge/lib/mono/unityjit'
Mono config path = 'C:/Program Files/UnityVersions/2020.3.19f1/Editor/Data/MonoBleedingEdge/etc'
Using monoOptions --debugger-agent=transport=dt_socket,embedding=1,server=y,suspend=n,address=127.0.0.1:56552
Begin MonoManager ReloadAssembly
Registering precompiled unity dll's ...
Register platform support module: C:/Program Files/UnityVersions/2020.3.19f1/Editor/Data/PlaybackEngines/WebGLSupport/UnityEditor.WebGL.Extensions.dll
Register platform support module: C:/Program Files/UnityVersions/2020.3.19f1/Editor/Data/PlaybackEngines/WindowsStandaloneSupport/UnityEditor.WindowsStandalone.Extensions.dll
Registered in 0.002824 seconds.
Native extension for WindowsStandalone target not found
Native extension for WebGL target not found
Refreshing native plugins compatible for Editor in 84.13 ms, found 2 plugins.
Preloading 0 native plugins for Editor in 0.00 ms.
Mono: successfully reloaded assembly
- Completed reload, in  1.355 seconds
Domain Reload Profiling:
	ReloadAssembly (1355ms)
		BeginReloadAssembly (51ms)
			ExecutionOrderSort (0ms)
			DisableScriptedObjects (0ms)
			BackupInstance (0ms)
			ReleaseScriptingObjects (0ms)
			CreateAndSetChildDomain (1ms)
		EndReloadAssembly (563ms)
			LoadAssemblies (49ms)
			RebuildTransferFunctionScriptingTraits (0ms)
			SetupTypeCache (187ms)
			ReleaseScriptCaches (0ms)
			RebuildScriptCaches (40ms)
			SetupLoadedEditorAssemblies (239ms)
				LogAssemblyErrors (0ms)
				InitializePlatformSupportModulesInManaged (12ms)
				SetLoadedEditorAssemblies (0ms)
				RefreshPlugins (84ms)
				BeforeProcessingInitializeOnLoad (14ms)
				ProcessInitializeOnLoadAttributes (97ms)
				ProcessInitializeOnLoadMethodAttributes (32ms)
				AfterProcessingInitializeOnLoad (0ms)
				EditorAssembliesLoaded (0ms)
			ExecutionOrderSort2 (0ms)
			AwakeInstancesAfterBackupRestoration (0ms)
Platform modules already initialized, skipping
Registering precompiled user dll's ...
Registered in 0.002793 seconds.
Begin MonoManager ReloadAssembly
Native extension for WindowsStandalone target not found
Native extension for WebGL target not found
Refreshing native plugins compatible for Editor in 63.37 ms, found 2 plugins.
Preloading 0 native plugins for Editor in 0.00 ms.
Mono: successfully reloaded assembly
- Completed reload, in  1.341 seconds
Domain Reload Profiling:
	ReloadAssembly (1344ms)
		BeginReloadAssembly (163ms)
			ExecutionOrderSort (0ms)
			DisableScriptedObjects (4ms)
			BackupInstance (0ms)
			ReleaseScriptingObjects (0ms)
			CreateAndSetChildDomain (20ms)
		EndReloadAssembly (1099ms)
			LoadAssemblies (220ms)
			RebuildTransferFunctionScriptingTraits (0ms)
			SetupTypeCache (355ms)
			ReleaseScriptCaches (1ms)
			RebuildScriptCaches (59ms)
			SetupLoadedEditorAssemblies (352ms)
				LogAssemblyErrors (0ms)
				InitializePlatformSupportModulesInManaged (7ms)
				SetLoadedEditorAssemblies (0ms)
				RefreshPlugins (63ms)
				BeforeProcessingInitializeOnLoad (77ms)
				ProcessInitializeOnLoadAttributes (193ms)
				ProcessInitializeOnLoadMethodAttributes (5ms)
				AfterProcessingInitializeOnLoad (6ms)
				EditorAssembliesLoaded (0ms)
			ExecutionOrderSort2 (0ms)
			AwakeInstancesAfterBackupRestoration (9ms)
Platform modules already initialized, skipping
========================================================================
Worker process is ready to serve import requests
Launched and connected shader compiler UnityShaderCompiler.exe after 0.10 seconds
Refreshing native plugins compatible for Editor in 0.48 ms, found 2 plugins.
Preloading 0 native plugins for Editor in 0.00 ms.
Unloading 2705 Unused Serialized files (Serialized files now loaded: 0)
System memory in use before: 123.0 MB.
System memory in use after: 123.2 MB.

Unloading 17 unused Assets to reduce memory usage. Loaded Objects now: 3138.
Total: 3.161200 ms (FindLiveObjects: 0.266600 ms CreateObjectMapping: 0.124800 ms MarkObjects: 2.687700 ms  DeleteObjects: 0.081100 ms)

AssetImportParameters requested are different than current active one (requested -> active):
  custom:framework-win-MediaFoundation: 216162199b28c13a410421893ffa2e32 -> 
  custom:video-decoder-ogg-theora: a1e56fd34408186e4bbccfd4996cb3dc -> 
  custom:container-muxer-webm: aa71ff27fc2769a1b78a27578f13a17b -> 
  custom:container-demuxer-webm: 4f35f7cbe854078d1ac9338744f61a02 -> 
  custom:container-demuxer-ogg: 62fdf1f143b41e24485cea50d1cbac27 -> 
  custom:video-encoder-webm-vp8: eb34c28f22e8b96e1ab97ce403110664 -> 
  custom:video-decoder-webm-vp8: 9c59270c3fd7afecdb556c50c9e8de78 -> 
  custom:audio-decoder-ogg-vorbis: bf7c407c2cedff20999df2af8eb42d56 -> 
  custom:audio-encoder-webm-vorbis: bf7c407c2cedff20999df2af8eb42d56 -> 
========================================================================
Received Import Request.
  path: Assets/Readme.asset
  artifactKey: Guid(83c2ed844a8c74b779a4c823d16594b1) Importer(815301076,1909f56bfc062723c751e8b465ee728b)
Start importing Assets/Readme.asset using Guid(83c2ed844a8c74b779a4c823d16594b1) Importer(815301076,1909f56bfc062723c751e8b465ee728b)  -> (artifact id: '8ffd2c44ffeb50c574abb5d0c4453328') in 0.086868 seconds 
  Import took 0.091878 seconds .

========================================================================
Received Import Request.
  Time since last request: 30.975797 seconds.
  path: Assets/TutorialInfo
  artifactKey: Guid(49110bb8dcada46328ad741970bce702) Importer(815301076,1909f56bfc062723c751e8b465ee728b)
Start importing Assets/TutorialInfo using Guid(49110bb8dcada46328ad741970bce702) Importer(815301076,1909f56bfc062723c751e8b465ee728b)  -> (artifact id: 'de5a30219286eb2a872f2f84d66d9616') in 0.001376 seconds 
  Import took 0.004879 seconds .

========================================================================
Received Import Request.
  Time since last request: 1.766904 seconds.
  path: Assets/TutorialInfo/Icons
  artifactKey: Guid(8a0c9218a650547d98138cd835033977) Importer(815301076,1909f56bfc062723c751e8b465ee728b)
Start importing Assets/TutorialInfo/Icons using Guid(8a0c9218a650547d98138cd835033977) Importer(815301076,1909f56bfc062723c751e8b465ee728b)  -> (artifact id: '877c38d75af7f9b160f6df01c0d12ba9') in 0.001496 seconds 
  Import took 0.007340 seconds .

========================================================================
Received Import Request.
  Time since last request: 0.053946 seconds.
  path: Assets/TutorialInfo/Icons/Help_Icon.png
  artifactKey: Guid(34f556d724b1bbf4097ca6220db2c581) Importer(815301076,1909f56bfc062723c751e8b465ee728b)
Start importing Assets/TutorialInfo/Icons/Help_Icon.png using Guid(34f556d724b1bbf4097ca6220db2c581) Importer(815301076,1909f56bfc062723c751e8b465ee728b)  -> (artifact id: 'd44cd57fc4feab842adb57b231d71887') in 0.062941 seconds 
  Import took 0.067005 seconds .

========================================================================
Received Import Request.
  Time since last request: 0.000209 seconds.
  path: Assets/TutorialInfo/Icons/UniversalIcon.png
  artifactKey: Guid(7801804018a7dcf42abb827444e18660) Importer(815301076,1909f56bfc062723c751e8b465ee728b)
Start importing Assets/TutorialInfo/Icons/UniversalIcon.png using Guid(7801804018a7dcf42abb827444e18660) Importer(815301076,1909f56bfc062723c751e8b465ee728b)  -> (artifact id: '2469af74232faa562fa73eb837360c84') in 0.010060 seconds 
  Import took 0.015582 seconds .

========================================================================
Received Import Request.
  Time since last request: 2.154456 seconds.
  path: Assets/TutorialInfo/Scripts
  artifactKey: Guid(5a9bcd70e6a4b4b05badaa72e827d8e0) Importer(815301076,1909f56bfc062723c751e8b465ee728b)
Start importing Assets/TutorialInfo/Scripts using Guid(5a9bcd70e6a4b4b05badaa72e827d8e0) Importer(815301076,1909f56bfc062723c751e8b465ee728b)  -> (artifact id: '2381cffa6438b17ca19b3c642f224055') in 0.001561 seconds 
  Import took 0.007568 seconds .

========================================================================
Received Import Request.
  Time since last request: 0.809986 seconds.
  path: Assets/TutorialInfo/Scripts/Editor
  artifactKey: Guid(3ad9b87dffba344c89909c6d1b1c17e1) Importer(815301076,1909f56bfc062723c751e8b465ee728b)
Start importing Assets/TutorialInfo/Scripts/Editor using Guid(3ad9b87dffba344c89909c6d1b1c17e1) Importer(815301076,1909f56bfc062723c751e8b465ee728b)  -> (artifact id: '22d9a53e681186c8abcd91760b4a6555') in 0.001228 seconds 
  Import took 0.005040 seconds .

========================================================================
Received Import Request.
  Time since last request: 0.568133 seconds.
  path: Assets/TutorialInfo/Scripts/Editor/ReadmeEditor.cs
  artifactKey: Guid(476cc7d7cd9874016adc216baab94a0a) Importer(815301076,1909f56bfc062723c751e8b465ee728b)
Start importing Assets/TutorialInfo/Scripts/Editor/ReadmeEditor.cs using Guid(476cc7d7cd9874016adc216baab94a0a) Importer(815301076,1909f56bfc062723c751e8b465ee728b)  -> (artifact id: '28a1c48df5455ec8f9a4e64c6766f86c') in 0.011645 seconds 
  Import took 0.016341 seconds .

========================================================================
Received Prepare
Registering precompiled user dll's ...
Registered in 0.002686 seconds.
Begin MonoManager ReloadAssembly
Native extension for WindowsStandalone target not found
Native extension for WebGL target not found
Refreshing native plugins compatible for Editor in 0.47 ms, found 2 plugins.
Preloading 0 native plugins for Editor in 0.00 ms.
Mono: successfully reloaded assembly
- Completed reload, in  0.915 seconds
Domain Reload Profiling:
	ReloadAssembly (915ms)
		BeginReloadAssembly (110ms)
			ExecutionOrderSort (0ms)
			DisableScriptedObjects (3ms)
			BackupInstance (0ms)
			ReleaseScriptingObjects (0ms)
			CreateAndSetChildDomain (31ms)
		EndReloadAssembly (748ms)
			LoadAssemblies (89ms)
			RebuildTransferFunctionScriptingTraits (0ms)
			SetupTypeCache (276ms)
			ReleaseScriptCaches (1ms)
			RebuildScriptCaches (40ms)
			SetupLoadedEditorAssemblies (254ms)
				LogAssemblyErrors (0ms)
				InitializePlatformSupportModulesInManaged (5ms)
				SetLoadedEditorAssemblies (0ms)
				RefreshPlugins (1ms)
				BeforeProcessingInitializeOnLoad (82ms)
				ProcessInitializeOnLoadAttributes (157ms)
				ProcessInitializeOnLoadMethodAttributes (4ms)
				AfterProcessingInitializeOnLoad (6ms)
				EditorAssembliesLoaded (0ms)
			ExecutionOrderSort2 (0ms)
			AwakeInstancesAfterBackupRestoration (8ms)
Platform modules already initialized, skipping
Refreshing native plugins compatible for Editor in 0.43 ms, found 2 plugins.
Preloading 0 native plugins for Editor in 0.00 ms.
Unloading 2593 Unused Serialized files (Serialized files now loaded: 0)
System memory in use before: 115.7 MB.
System memory in use after: 116.0 MB.

Unloading 13 unused Assets to reduce memory usage. Loaded Objects now: 3142.
Total: 2.852900 ms (FindLiveObjects: 0.243600 ms CreateObjectMapping: 0.083200 ms MarkObjects: 2.510500 ms  DeleteObjects: 0.014700 ms)

AssetImportParameters requested are different than current active one (requested -> active):
  custom:framework-win-MediaFoundation: 216162199b28c13a410421893ffa2e32 -> 
  custom:video-decoder-ogg-theora: a1e56fd34408186e4bbccfd4996cb3dc -> 
  custom:container-muxer-webm: aa71ff27fc2769a1b78a27578f13a17b -> 
  custom:container-demuxer-webm: 4f35f7cbe854078d1ac9338744f61a02 -> 
  custom:container-demuxer-ogg: 62fdf1f143b41e24485cea50d1cbac27 -> 
  custom:video-encoder-webm-vp8: eb34c28f22e8b96e1ab97ce403110664 -> 
  custom:video-decoder-webm-vp8: 9c59270c3fd7afecdb556c50c9e8de78 -> 
  custom:audio-decoder-ogg-vorbis: bf7c407c2cedff20999df2af8eb42d56 -> 
  custom:audio-encoder-webm-vorbis: bf7c407c2cedff20999df2af8eb42d56 -> 
========================================================================
Received Import Request.
  Time since last request: 7.380372 seconds.
  path: Assets/ExampleAssets
  artifactKey: Guid(990f5c2df70993f4987a388ca178996a) Importer(815301076,1909f56bfc062723c751e8b465ee728b)
Start importing Assets/ExampleAssets using Guid(990f5c2df70993f4987a388ca178996a) Importer(815301076,1909f56bfc062723c751e8b465ee728b)  -> (artifact id: 'd5ac45704b3e904ca5b19a6457cc79ac') in 0.005432 seconds 
  Import took 0.008793 seconds .

========================================================================
Received Import Request.
  Time since last request: 1.130679 seconds.
  path: Assets/ExampleAssets/Materials
  artifactKey: Guid(ffd318dbb37362c4f8d87863d082b2fd) Importer(815301076,1909f56bfc062723c751e8b465ee728b)
Start importing Assets/ExampleAssets/Materials using Guid(ffd318dbb37362c4f8d87863d082b2fd) Importer(815301076,1909f56bfc062723c751e8b465ee728b)  -> (artifact id: '8c827434803c10ce0ff8cbab2830a63c') in 0.001571 seconds 
  Import took 0.004986 seconds .

========================================================================
Received Import Request.
  Time since last request: 0.060469 seconds.
  path: Assets/ExampleAssets/Materials/ConstructionLight_Mat.mat
  artifactKey: Guid(49076442eeb7e054b8e8869f8b40656d) Importer(815301076,1909f56bfc062723c751e8b465ee728b)
Start importing Assets/ExampleAssets/Materials/ConstructionLight_Mat.mat using Guid(49076442eeb7e054b8e8869f8b40656d) Importer(815301076,1909f56bfc062723c751e8b465ee728b)  -> (artifact id: '057c629e9591e646e979d0fd0d9eba29') in 0.525285 seconds 
  Import took 0.529530 seconds .

========================================================================
Received Import Request.
  Time since last request: 0.000329 seconds.
  path: Assets/ExampleAssets/Materials/DryWall_Mat.mat
  artifactKey: Guid(a68228c24abfa2f4b8954d7b0148f799) Importer(815301076,1909f56bfc062723c751e8b465ee728b)
Start importing Assets/ExampleAssets/Materials/DryWall_Mat.mat using Guid(a68228c24abfa2f4b8954d7b0148f799) Importer(815301076,1909f56bfc062723c751e8b465ee728b)  -> (artifact id: '6b1d94bab502ca3021b8842519c6e122') in 0.340161 seconds 
  Import took 0.343868 seconds .

========================================================================
Received Import Request.
  Time since last request: 0.000253 seconds.
  path: Assets/ExampleAssets/Materials/Strap_Mat.mat
  artifactKey: Guid(81c1860e7800e5340bf8a54c565ba9ea) Importer(815301076,1909f56bfc062723c751e8b465ee728b)
Start importing Assets/ExampleAssets/Materials/Strap_Mat.mat using Guid(81c1860e7800e5340bf8a54c565ba9ea) Importer(815301076,1909f56bfc062723c751e8b465ee728b)  -> (artifact id: 'a542234631127ea0c107d7d268657760') in 0.265268 seconds 
  Import took 0.270677 seconds .

========================================================================
Received Import Request.
  Time since last request: 0.000237 seconds.
  path: Assets/ExampleAssets/Materials/Plastic_Rough_Mat.mat
  artifactKey: Guid(a5aaee4111611af43b5abbff184fe5fa) Importer(815301076,1909f56bfc062723c751e8b465ee728b)
Start importing Assets/ExampleAssets/Materials/Plastic_Rough_Mat.mat using Guid(a5aaee4111611af43b5abbff184fe5fa) Importer(815301076,1909f56bfc062723c751e8b465ee728b)  -> (artifact id: 'fe4d08b544b44bbbf01fdafd95ff430a') in 0.018247 seconds 
  Import took 0.022253 seconds .

========================================================================
Received Import Request.
  Time since last request: 0.000242 seconds.
  path: Assets/ExampleAssets/Materials/Ground_Mat.mat
  artifactKey: Guid(d92ef32394b5f474385d74b565a7bdd7) Importer(815301076,1909f56bfc062723c751e8b465ee728b)
Start importing Assets/ExampleAssets/Materials/Ground_Mat.mat using Guid(d92ef32394b5f474385d74b565a7bdd7) Importer(815301076,1909f56bfc062723c751e8b465ee728b)  -> (artifact id: '464ecfb875d680da63be4f88529f4394') in 0.024237 seconds 
  Import took 0.029843 seconds .

========================================================================
Received Import Request.
  Time since last request: 0.000247 seconds.
  path: Assets/ExampleAssets/Materials/Metal_Simple_Mat.mat
  artifactKey: Guid(a0427cf339e5891468d5f2b433b2d44a) Importer(815301076,1909f56bfc062723c751e8b465ee728b)
Start importing Assets/ExampleAssets/Materials/Metal_Simple_Mat.mat using Guid(a0427cf339e5891468d5f2b433b2d44a) Importer(815301076,1909f56bfc062723c751e8b465ee728b)  -> (artifact id: 'ed8fef95f5cf1ab691e96a9fc0590164') in 0.280546 seconds 
  Import took 0.284060 seconds .

========================================================================
Received Import Request.
  Time since last request: 0.000281 seconds.
  path: Assets/ExampleAssets/Materials/Plastic_Transparent.mat
  artifactKey: Guid(8a38b7350df9a9c438e568993a00e5c5) Importer(815301076,1909f56bfc062723c751e8b465ee728b)
Start importing Assets/ExampleAssets/Materials/Plastic_Transparent.mat using Guid(8a38b7350df9a9c438e568993a00e5c5) Importer(815301076,1909f56bfc062723c751e8b465ee728b)  -> (artifact id: 'aa88e47cc5ed2495feca365ac46df73c') in 0.231257 seconds 
  Import took 0.234504 seconds .

========================================================================
Received Import Request.
  Time since last request: 0.000300 seconds.
  path: Assets/ExampleAssets/Materials/Jigsaw_Mat.mat
  artifactKey: Guid(801db2d997a562b4ea333aa4593ce0f0) Importer(815301076,1909f56bfc062723c751e8b465ee728b)
Start importing Assets/ExampleAssets/Materials/Jigsaw_Mat.mat using Guid(801db2d997a562b4ea333aa4593ce0f0) Importer(815301076,1909f56bfc062723c751e8b465ee728b)  -> (artifact id: '8c2c3e8b482bfe7692597efc101f542e') in 0.021327 seconds 
  Import took 0.024700 seconds .

========================================================================
Received Import Request.
  Time since last request: 0.000293 seconds.
  path: Assets/ExampleAssets/Materials/Hammer_Mat.mat
  artifactKey: Guid(4efcffd7ae23f1e41943fd914b18da10) Importer(815301076,1909f56bfc062723c751e8b465ee728b)
Start importing Assets/ExampleAssets/Materials/Hammer_Mat.mat using Guid(4efcffd7ae23f1e41943fd914b18da10) Importer(815301076,1909f56bfc062723c751e8b465ee728b)  -> (artifact id: 'e35e9c0d8e130d6ff509af1a613494d7') in 0.025983 seconds 
  Import took 0.029929 seconds .

========================================================================
Received Import Request.
  Time since last request: 0.000157 seconds.
  path: Assets/ExampleAssets/Materials/Plastic_Yellow_Mat.mat
  artifactKey: Guid(bd2d742ee2ce7a740ae0cf992a38be74) Importer(815301076,1909f56bfc062723c751e8b465ee728b)
Start importing Assets/ExampleAssets/Materials/Plastic_Yellow_Mat.mat using Guid(bd2d742ee2ce7a740ae0cf992a38be74) Importer(815301076,1909f56bfc062723c751e8b465ee728b)  -> (artifact id: 'b4a82a5da02497828fc2c902b30e60d5') in 0.018380 seconds 
  Import took 0.022418 seconds .

========================================================================
Received Import Request.
  Time since last request: 0.000218 seconds.
  path: Assets/ExampleAssets/Materials/Plastic_Gray_Mat.mat
  artifactKey: Guid(4dad30bbe2213eb4d8312f7bb6190866) Importer(815301076,1909f56bfc062723c751e8b465ee728b)
Start importing Assets/ExampleAssets/Materials/Plastic_Gray_Mat.mat using Guid(4dad30bbe2213eb4d8312f7bb6190866) Importer(815301076,1909f56bfc062723c751e8b465ee728b)  -> (artifact id: '54ab71af590679b32677dc30ed226a51') in 0.012543 seconds 
  Import took 0.018055 seconds .

========================================================================
Received Import Request.
  Time since last request: 0.000204 seconds.
  path: Assets/ExampleAssets/Materials/PaintLabel_Mat.mat
  artifactKey: Guid(3da4aad06945bbf4baf801c2aacbc01e) Importer(815301076,1909f56bfc062723c751e8b465ee728b)
Start importing Assets/ExampleAssets/Materials/PaintLabel_Mat.mat using Guid(3da4aad06945bbf4baf801c2aacbc01e) Importer(815301076,1909f56bfc062723c751e8b465ee728b)  -> (artifact id: '8c36a7279f016c98e6c23d7bc391d33c') in 0.275740 seconds 
  Import took 0.280047 seconds .

========================================================================
Received Import Request.
  Time since last request: 0.000282 seconds.
  path: Assets/ExampleAssets/Materials/LightBulb_Mat.mat
  artifactKey: Guid(ec739259ec61f5d4ba3ed6d34fd802a6) Importer(815301076,1909f56bfc062723c751e8b465ee728b)
Start importing Assets/ExampleAssets/Materials/LightBulb_Mat.mat using Guid(ec739259ec61f5d4ba3ed6d34fd802a6) Importer(815301076,1909f56bfc062723c751e8b465ee728b)  -> (artifact id: '6ed9e64f0d16e62cbd185bf095894f5b') in 0.254480 seconds 
  Import took 0.258465 seconds .

========================================================================
Received Import Request.
  Time since last request: 0.000201 seconds.
  path: Assets/ExampleAssets/Materials/HardHat_Mat.mat
  artifactKey: Guid(e93789f0a5d66df4a81613935579642b) Importer(815301076,1909f56bfc062723c751e8b465ee728b)
Start importing Assets/ExampleAssets/Materials/HardHat_Mat.mat using Guid(e93789f0a5d66df4a81613935579642b) Importer(815301076,1909f56bfc062723c751e8b465ee728b)  -> (artifact id: 'f0451e8e4fc44c0c0ad06b480daab191') in 0.019994 seconds 
  Import took 0.024596 seconds .

========================================================================
Received Import Request.
  Time since last request: 0.000202 seconds.
  path: Assets/ExampleAssets/Materials/Plastic_Black_Mat.mat
  artifactKey: Guid(e745492728544aa488aa0429b6068e71) Importer(815301076,1909f56bfc062723c751e8b465ee728b)
Start importing Assets/ExampleAssets/Materials/Plastic_Black_Mat.mat using Guid(e745492728544aa488aa0429b6068e71) Importer(815301076,1909f56bfc062723c751e8b465ee728b)  -> (artifact id: '9ec41258e50d7b0724bce6a1b02e69ab') in 0.010155 seconds 
  Import took 0.014029 seconds .

========================================================================
Received Import Request.
  Time since last request: 0.000191 seconds.
  path: Assets/ExampleAssets/Materials/DryWallPainted_Mat.mat
  artifactKey: Guid(9b8eadc4de0544646b75ddcc43f8fd06) Importer(815301076,1909f56bfc062723c751e8b465ee728b)
Start importing Assets/ExampleAssets/Materials/DryWallPainted_Mat.mat using Guid(9b8eadc4de0544646b75ddcc43f8fd06) Importer(815301076,1909f56bfc062723c751e8b465ee728b)  -> (artifact id: 'e084f414280b96736064de24338bc225') in 0.021237 seconds 
  Import took 0.025299 seconds .

========================================================================
Received Import Request.
  Time since last request: 0.000210 seconds.
  path: Assets/ExampleAssets/Materials/Plastic_Ridges_Mat.mat
  artifactKey: Guid(c05de7c865075334786e6a47a543af72) Importer(815301076,1909f56bfc062723c751e8b465ee728b)
Start importing Assets/ExampleAssets/Materials/Plastic_Ridges_Mat.mat using Guid(c05de7c865075334786e6a47a543af72) Importer(815301076,1909f56bfc062723c751e8b465ee728b)  -> (artifact id: '867bca899d157f77d37634eafef9f1aa') in 0.021425 seconds 
  Import took 0.024927 seconds .

========================================================================
Received Import Request.
  Time since last request: 0.000195 seconds.
  path: Assets/ExampleAssets/Materials/Metal_Blue_Simple_Mat.mat
  artifactKey: Guid(cd71291c91c8cce499cb663b5db9970e) Importer(815301076,1909f56bfc062723c751e8b465ee728b)
Start importing Assets/ExampleAssets/Materials/Metal_Blue_Simple_Mat.mat using Guid(cd71291c91c8cce499cb663b5db9970e) Importer(815301076,1909f56bfc062723c751e8b465ee728b)  -> (artifact id: '91d0adbd293f6d73553ee1adc198f712') in 0.011055 seconds 
  Import took 0.015077 seconds .

========================================================================
Received Import Request.
  Time since last request: 0.000149 seconds.
  path: Assets/ExampleAssets/Materials/Paint1G_WAnim_Material.mat
  artifactKey: Guid(55c183dc45153be48a45c4e530127fb3) Importer(815301076,1909f56bfc062723c751e8b465ee728b)
Start importing Assets/ExampleAssets/Materials/Paint1G_WAnim_Material.mat using Guid(55c183dc45153be48a45c4e530127fb3) Importer(815301076,1909f56bfc062723c751e8b465ee728b)  -> (artifact id: '00000000000000000000000000000000') in 0.930605 seconds  code(4) message(Build asset version error: assets/exampleassets/materials/paint1g_wanim_material.mat in SourceAssetDB has modification time of '2021-09-28T12:50:51.69914Z' while content on disk has modification time of '0001-01-01T00:00:00Z' with error code 2
Stacktrace:
0x00007ff7c32e78dc (Unity) StackWalker::GetCurrentCallstack
0x00007ff7c32eff79 (Unity) StackWalker::ShowCallstack
0x00007ff7c4813ddc (Unity) GetStacktrace
0x00007ff7c49f70f7 (Unity) GetAssetHashAndValidate
0x00007ff7c49f22c3 (Unity) AssetVersionBuilder::BuildHashOfSourceAssetArray
0x00007ff7c49f0232 (Unity) AssetVersionBuilder::BuildAssetVersion
0x00007ff7c49ca64d (Unity) CreateAssetVersionBuilder
0x00007ff7c49d134d (Unity) ImportToObjects
0x00007ff7c49d0168 (Unity) ImportAsset
0x00007ff7c4931f68 (Unity) AssetImportWorker::Import
0x00007ff7c49852fa (Unity) <lambda_7448d646502792db0127dc89657ec83e>::operator()
0x00007ff7c4a295f2 (Unity) asio::detail::completion_handler<core::mutable_function<void __cdecl(void)> >::do_complete
0x00007ff7c4a2b750 (Unity) asio::detail::win_iocp_io_service::do_one
0x00007ff7c4a2eede (Unity) asio::io_service::run
0x00007ff7c49b20bb (Unity) RunAssetImportWorkerClientV2
0x00007ff7c49b2110 (Unity) RunAssetImporterV2
0x00007ff7c3e755b6 (Unity) Application::InitializeProject
0x00007ff7c4821342 (Unity) WinMain
0x00007ff7c66769b6 (Unity) __scrt_common_main_seh
0x00007ffb51187034 (KERNEL32) BaseThreadInitThunk
0x00007ffb52382651 (ntdll) RtlUserThreadStart
)
  ERROR: Build asset version error: assets/exampleassets/materials/paint1g_wanim_material.mat in SourceAssetDB has modification time of '2021-09-28T12:50:51.69914Z' while content on disk has modification time of '0001-01-01T00:00:00Z' with error code 2
Stacktrace:
0x00007ff7c32e78dc (Unity) StackWalker::GetCurrentCallstack
0x00007ff7c32eff79 (Unity) StackWalker::ShowCallstack
0x00007ff7c4813ddc (Unity) GetStacktrace
0x00007ff7c49f70f7 (Unity) GetAssetHashAndValidate
0x00007ff7c49f22c3 (Unity) AssetVersionBuilder::BuildHashOfSourceAssetArray
0x00007ff7c49f0232 (Unity) AssetVersionBuilder::BuildAssetVersion
0x00007ff7c49ca64d (Unity) CreateAssetVersionBuilder
0x00007ff7c49d134d (Unity) ImportToObjects
0x00007ff7c49d0168 (Unity) ImportAsset
0x00007ff7c4931f68 (Unity) AssetImportWorker::Import
0x00007ff7c49852fa (Unity) <lambda_7448d646502792db0127dc89657ec83e>::operator()
0x00007ff7c4a295f2 (Unity) asio::detail::completion_handler<core::mutable_function<void __cdecl(void)> >::do_complete
0x00007ff7c4a2b750 (Unity) asio::detail::win_iocp_io_service::do_one
0x00007ff7c4a2eede (Unity) asio::io_service::run
0x00007ff7c49b20bb (Unity) RunAssetImportWorkerClientV2
0x00007ff7c49b2110 (Unity) RunAssetImporterV2
0x00007ff7c3e755b6 (Unity) Application::InitializeProject
0x00007ff7c4821342 (Unity) WinMain
0x00007ff7c66769b6 (Unity) __scrt_common_main_seh
0x00007ffb51187034 (KERNEL32) BaseThreadInitThunk
0x00007ffb52382651 (ntdll) RtlUserThreadStart

  Import took 0.934055 seconds .

========================================================================
Received Import Request.
  Time since last request: 0.041731 seconds.
  path: Assets/Materials
  artifactKey: Guid(d0234ba368eeec9418390da711bfdad0) Importer(815301076,1909f56bfc062723c751e8b465ee728b)
Start importing Assets/Materials using Guid(d0234ba368eeec9418390da711bfdad0) Importer(815301076,1909f56bfc062723c751e8b465ee728b)  -> (artifact id: 'dd1fccef896d48891410691dfde716e5') in 0.001288 seconds 
  Import took 0.004857 seconds .

========================================================================
Received Import Request.
  Time since last request: 0.064682 seconds.
  path: Assets/Materials/Skybox_Mat.mat
  artifactKey: Guid(0ffaa0b7117ba8c47a9d05ae701d4b4d) Importer(815301076,1909f56bfc062723c751e8b465ee728b)
Start importing Assets/Materials/Skybox_Mat.mat using Guid(0ffaa0b7117ba8c47a9d05ae701d4b4d) Importer(815301076,1909f56bfc062723c751e8b465ee728b)  -> (artifact id: '4d54ab3375f41efad00566dcae11def2') in 0.010325 seconds 
  Import took 0.015241 seconds .

========================================================================
Received Import Request.
  Time since last request: 31.747474 seconds.
  path: Assets/Presets/AudioCompressedInMemory.preset
  artifactKey: Guid(2dd802e4d37c65149922028d3e973832) Importer(815301076,1909f56bfc062723c751e8b465ee728b)
Start importing Assets/Presets/AudioCompressedInMemory.preset using Guid(2dd802e4d37c65149922028d3e973832) Importer(815301076,1909f56bfc062723c751e8b465ee728b)  -> (artifact id: 'ac4de02398cfe62c06251b0f50233ebf') in 0.005066 seconds 
  Import took 0.009013 seconds .

========================================================================
Received Import Request.
  Time since last request: 0.000288 seconds.
  path: Assets/Presets/AudioStreaming.preset
  artifactKey: Guid(86bcce7f5575b54408aa0f3a7d321039) Importer(815301076,1909f56bfc062723c751e8b465ee728b)
Start importing Assets/Presets/AudioStreaming.preset using Guid(86bcce7f5575b54408aa0f3a7d321039) Importer(815301076,1909f56bfc062723c751e8b465ee728b)  -> (artifact id: '9982fbd60bc57b892b2c54d34a0163c0') in 0.004028 seconds 
  Import took 0.008884 seconds .

========================================================================
Received Import Request.
  Time since last request: 0.000240 seconds.
  path: Assets/Presets/NormalTexture.preset
  artifactKey: Guid(14a57cf3b9fa1c74b884aa7e0dcf1faa) Importer(815301076,1909f56bfc062723c751e8b465ee728b)
Start importing Assets/Presets/NormalTexture.preset using Guid(14a57cf3b9fa1c74b884aa7e0dcf1faa) Importer(815301076,1909f56bfc062723c751e8b465ee728b)  -> (artifact id: '9c195482fc53bc4f53f643643f636469') in 0.007902 seconds 
  Import took 0.011932 seconds .

========================================================================
Received Import Request.
  Time since last request: 0.000267 seconds.
  path: Assets/Presets/UtilityTexture.preset
  artifactKey: Guid(45f7b2e3c78185248b3adbb14429c2ab) Importer(815301076,1909f56bfc062723c751e8b465ee728b)
Start importing Assets/Presets/UtilityTexture.preset using Guid(45f7b2e3c78185248b3adbb14429c2ab) Importer(815301076,1909f56bfc062723c751e8b465ee728b)  -> (artifact id: 'ab9c1faeeb59b745cafa0ae79c874a42') in 0.004547 seconds 
  Import took 0.007837 seconds .

========================================================================
Received Import Request.
  Time since last request: 6.325288 seconds.
  path: Assets/Presets/Defaults
  artifactKey: Guid(71ea82b02df99c2439e0dc8e4e1ebc24) Importer(815301076,1909f56bfc062723c751e8b465ee728b)
Start importing Assets/Presets/Defaults using Guid(71ea82b02df99c2439e0dc8e4e1ebc24) Importer(815301076,1909f56bfc062723c751e8b465ee728b)  -> (artifact id: 'a2a56981c996a89ef789297d7a3fb242') in 0.001330 seconds 
  Import took 0.005275 seconds .

========================================================================
Received Import Request.
  Time since last request: 0.053098 seconds.
  path: Assets/Presets/Defaults/AlbedoTexture_Default.preset
  artifactKey: Guid(e8537455c6c08bd4e8bf0be3707da685) Importer(815301076,1909f56bfc062723c751e8b465ee728b)
Start importing Assets/Presets/Defaults/AlbedoTexture_Default.preset using Guid(e8537455c6c08bd4e8bf0be3707da685) Importer(815301076,1909f56bfc062723c751e8b465ee728b)  -> (artifact id: 'a39f5c6fcb9ea97bf434963b23d33ea7') in 0.005316 seconds 
  Import took 0.008770 seconds .

========================================================================
Received Import Request.
  Time since last request: 0.000189 seconds.
  path: Assets/Presets/Defaults/AudioDecompressOnLoad.preset
  artifactKey: Guid(e7689051185d12f4298e1ebb2693a29f) Importer(815301076,1909f56bfc062723c751e8b465ee728b)
Start importing Assets/Presets/Defaults/AudioDecompressOnLoad.preset using Guid(e7689051185d12f4298e1ebb2693a29f) Importer(815301076,1909f56bfc062723c751e8b465ee728b)  -> (artifact id: '89d1cf06e67cef88edace491fed66d7e') in 0.003589 seconds 
  Import took 0.006683 seconds .

========================================================================
Received Import Request.
  Time since last request: 0.000248 seconds.
  path: Assets/Presets/Defaults/DirectionalLight_Default.preset
  artifactKey: Guid(463065d4f17d1d94d848aa127b94dd43) Importer(815301076,1909f56bfc062723c751e8b465ee728b)
Start importing Assets/Presets/Defaults/DirectionalLight_Default.preset using Guid(463065d4f17d1d94d848aa127b94dd43) Importer(815301076,1909f56bfc062723c751e8b465ee728b)  -> (artifact id: '51a078c6ae54eb254be36a9378726b4a') in 0.005208 seconds 
  Import took 0.008514 seconds .

========================================================================
Received Import Request.
  Time since last request: 8.408225 seconds.
  path: Assets/Settings/ForwardRenderer.asset
  artifactKey: Guid(4a8e21d5c33334b11b34a596161b9360) Importer(815301076,1909f56bfc062723c751e8b465ee728b)
Start importing Assets/Settings/ForwardRenderer.asset using Guid(4a8e21d5c33334b11b34a596161b9360) Importer(815301076,1909f56bfc062723c751e8b465ee728b)  -> (artifact id: '63cf95242464b0f1307a08bc2392aaaa') in 0.006540 seconds 
  Import took 0.010127 seconds .

========================================================================
Received Import Request.
  Time since last request: 0.000202 seconds.
  path: Assets/Settings/SampleSceneProfile.asset
  artifactKey: Guid(10fc4df2da32a41aaa32d77bc913491c) Importer(815301076,1909f56bfc062723c751e8b465ee728b)
Start importing Assets/Settings/SampleSceneProfile.asset using Guid(10fc4df2da32a41aaa32d77bc913491c) Importer(815301076,1909f56bfc062723c751e8b465ee728b)  -> (artifact id: 'd2b3f476ab718b1cf20d183dd9addfe7') in 0.006030 seconds 
  Import took 0.013031 seconds .

========================================================================
Received Import Request.
  Time since last request: 0.000224 seconds.
  path: Assets/Settings/UniversalRP-LowQuality.asset
  artifactKey: Guid(a31e9f9f9c9d4b9429ed0d1234e22103) Importer(815301076,1909f56bfc062723c751e8b465ee728b)
Start importing Assets/Settings/UniversalRP-LowQuality.asset using Guid(a31e9f9f9c9d4b9429ed0d1234e22103) Importer(815301076,1909f56bfc062723c751e8b465ee728b)  -> (artifact id: 'b226a0bb157262eadf686f6bb5b5f1f8') in 0.005094 seconds 
  Import took 0.009055 seconds .

========================================================================
Received Import Request.
  Time since last request: 0.000277 seconds.
  path: Assets/Settings/UniversalRP-MediumQuality.asset
  artifactKey: Guid(d847b876476d3d6468f5dfcd34266f96) Importer(815301076,1909f56bfc062723c751e8b465ee728b)
Start importing Assets/Settings/UniversalRP-MediumQuality.asset using Guid(d847b876476d3d6468f5dfcd34266f96) Importer(815301076,1909f56bfc062723c751e8b465ee728b)  -> (artifact id: 'd421f548a6507a11f25ec3578746e9c1') in 0.007608 seconds 
  Import took 0.015758 seconds .

========================================================================
Received Import Request.
  Time since last request: 0.000187 seconds.
  path: Assets/Settings/UniversalRP-HighQuality.asset
  artifactKey: Guid(19ba41d7c0026c3459d37c2fe90c55a0) Importer(815301076,1909f56bfc062723c751e8b465ee728b)
Start importing Assets/Settings/UniversalRP-HighQuality.asset using Guid(19ba41d7c0026c3459d37c2fe90c55a0) Importer(815301076,1909f56bfc062723c751e8b465ee728b)  -> (artifact id: '02e18c1f933b70f494440bf5e7626866') in 0.005039 seconds 
  Import took 0.010038 seconds .

========================================================================
Received Import Request.
  Time since last request: 2.869859 seconds.
  path: Assets
  artifactKey: Guid(00000000000000001000000000000000) Importer(815301076,1909f56bfc062723c751e8b465ee728b)
Start importing Assets using Guid(00000000000000001000000000000000) Importer(815301076,1909f56bfc062723c751e8b465ee728b)  -> (artifact id: '42d402b061de3733987d63b9cc3b64de') in 0.001211 seconds 
  Import took 0.004562 seconds .

========================================================================
Received Prepare
Registering precompiled user dll's ...
Registered in 0.002585 seconds.
Begin MonoManager ReloadAssembly
Native extension for WindowsStandalone target not found
Native extension for WebGL target not found
Refreshing native plugins compatible for Editor in 0.50 ms, found 2 plugins.
Preloading 0 native plugins for Editor in 0.00 ms.
Mono: successfully reloaded assembly
- Completed reload, in  0.978 seconds
Domain Reload Profiling:
	ReloadAssembly (982ms)
		BeginReloadAssembly (128ms)
			ExecutionOrderSort (0ms)
			DisableScriptedObjects (6ms)
			BackupInstance (0ms)
			ReleaseScriptingObjects (0ms)
			CreateAndSetChildDomain (36ms)
		EndReloadAssembly (792ms)
			LoadAssemblies (105ms)
			RebuildTransferFunctionScriptingTraits (0ms)
			SetupTypeCache (266ms)
			ReleaseScriptCaches (1ms)
			RebuildScriptCaches (35ms)
			SetupLoadedEditorAssemblies (263ms)
				LogAssemblyErrors (0ms)
				InitializePlatformSupportModulesInManaged (5ms)
				SetLoadedEditorAssemblies (0ms)
				RefreshPlugins (1ms)
				BeforeProcessingInitializeOnLoad (89ms)
				ProcessInitializeOnLoadAttributes (159ms)
				ProcessInitializeOnLoadMethodAttributes (3ms)
				AfterProcessingInitializeOnLoad (7ms)
				EditorAssembliesLoaded (0ms)
			ExecutionOrderSort2 (0ms)
			AwakeInstancesAfterBackupRestoration (14ms)
Platform modules already initialized, skipping
Refreshing native plugins compatible for Editor in 0.44 ms, found 2 plugins.
Preloading 0 native plugins for Editor in 0.00 ms.
Unloading 2594 Unused Serialized files (Serialized files now loaded: 0)
System memory in use before: 121.4 MB.
System memory in use after: 121.6 MB.

Unloading 13 unused Assets to reduce memory usage. Loaded Objects now: 3223.
Total: 3.716900 ms (FindLiveObjects: 0.219400 ms CreateObjectMapping: 0.097000 ms MarkObjects: 3.376200 ms  DeleteObjects: 0.023100 ms)

AssetImportParameters requested are different than current active one (requested -> active):
  custom:framework-win-MediaFoundation: 216162199b28c13a410421893ffa2e32 -> 
  custom:video-decoder-ogg-theora: a1e56fd34408186e4bbccfd4996cb3dc -> 
  custom:container-muxer-webm: aa71ff27fc2769a1b78a27578f13a17b -> 
  custom:container-demuxer-webm: 4f35f7cbe854078d1ac9338744f61a02 -> 
  custom:container-demuxer-ogg: 62fdf1f143b41e24485cea50d1cbac27 -> 
  custom:video-encoder-webm-vp8: eb34c28f22e8b96e1ab97ce403110664 -> 
  custom:video-decoder-webm-vp8: 9c59270c3fd7afecdb556c50c9e8de78 -> 
  custom:audio-decoder-ogg-vorbis: bf7c407c2cedff20999df2af8eb42d56 -> 
  custom:audio-encoder-webm-vorbis: bf7c407c2cedff20999df2af8eb42d56 -> 
========================================================================
Received Import Request.
  Time since last request: 11.323115 seconds.
  path: Assets/_Project
  artifactKey: Guid(29f9da5538410374e81d934c040ec436) Importer(815301076,1909f56bfc062723c751e8b465ee728b)
Start importing Assets/_Project using Guid(29f9da5538410374e81d934c040ec436) Importer(815301076,1909f56bfc062723c751e8b465ee728b)  -> (artifact id: 'ab5e6392963a935f254e4d9b759b874c') in 0.005218 seconds 
  Import took 0.009156 seconds .

========================================================================
Received Import Request.
  Time since last request: 1316.288587 seconds.
  path: Assets/_Project/Shared
  artifactKey: Guid(5f5fd1b744d0877428928aece62b1376) Importer(815301076,1909f56bfc062723c751e8b465ee728b)
Start importing Assets/_Project/Shared using Guid(5f5fd1b744d0877428928aece62b1376) Importer(815301076,1909f56bfc062723c751e8b465ee728b)  -> (artifact id: 'dbdcd46822938a4f602eef02b14b7634') in 0.003200 seconds 
  Import took 0.010164 seconds .

========================================================================
Received Import Request.
  Time since last request: 5.216941 seconds.
  path: Assets/_Project/Examplesw
  artifactKey: Guid(a5275778d65ea1f4b9b7a417f9e29611) Importer(815301076,1909f56bfc062723c751e8b465ee728b)
Start importing Assets/_Project/Examplesw using Guid(a5275778d65ea1f4b9b7a417f9e29611) Importer(815301076,1909f56bfc062723c751e8b465ee728b)  -> (artifact id: '3acd6d09adb08de581aeb77d044b40f1') in 0.001861 seconds 
  Import took 0.015947 seconds .

========================================================================
Received Import Request.
  Time since last request: 1.812338 seconds.
  path: Assets/_Project/Examples
  artifactKey: Guid(a5275778d65ea1f4b9b7a417f9e29611) Importer(815301076,1909f56bfc062723c751e8b465ee728b)
Start importing Assets/_Project/Examples using Guid(a5275778d65ea1f4b9b7a417f9e29611) Importer(815301076,1909f56bfc062723c751e8b465ee728b)  -> (artifact id: '3c9e4408f214c52579ee0746919b2d16') in 0.001470 seconds 
  Import took 0.005202 seconds .

========================================================================
Received Import Request.
  Time since last request: 190.503092 seconds.
  path: Assets/_Project/Examples/2D_Pixel
  artifactKey: Guid(088a0bb4321bacc4a9a5000a0e5fd1f0) Importer(815301076,1909f56bfc062723c751e8b465ee728b)
Start importing Assets/_Project/Examples/2D_Pixel using Guid(088a0bb4321bacc4a9a5000a0e5fd1f0) Importer(815301076,1909f56bfc062723c751e8b465ee728b)  -> (artifact id: '4a362a3ec61da7398da31784c303c26e') in 0.002085 seconds 
  Import took 0.038581 seconds .

========================================================================
Received Import Request.
  Time since last request: 46.350032 seconds.
  path: Assets/_Project/Examples/2D_Pixel/PseudoPixel_001_Albedo.png
  artifactKey: Guid(07960e274517b1142a4d470a4a97f993) Importer(815301076,1909f56bfc062723c751e8b465ee728b)
Start importing Assets/_Project/Examples/2D_Pixel/PseudoPixel_001_Albedo.png using Guid(07960e274517b1142a4d470a4a97f993) Importer(815301076,1909f56bfc062723c751e8b465ee728b)  -> (artifact id: '22842a91a1cf25c4e1a3b4161a328292') in 0.034882 seconds 
  Import took 0.056468 seconds .

========================================================================
Received Import Request.
  Time since last request: 0.000217 seconds.
  path: Assets/_Project/Examples/2D_Pixel/PseudoPixel_001_Mask.png
  artifactKey: Guid(bf0c5645757f1c1489e6a3604475162b) Importer(815301076,1909f56bfc062723c751e8b465ee728b)
Start importing Assets/_Project/Examples/2D_Pixel/PseudoPixel_001_Mask.png using Guid(bf0c5645757f1c1489e6a3604475162b) Importer(815301076,1909f56bfc062723c751e8b465ee728b)  -> (artifact id: '28910e0c7d4c83e8a220aca735226b24') in 0.010509 seconds 
  Import took 0.013719 seconds .

========================================================================
Received Import Request.
  Time since last request: 94.952180 seconds.
  path: Assets/_Project/Examples/2D_Pixel/Preview.png
  artifactKey: Guid(9ff68924dee8a2846a48689bdb6b144d) Importer(815301076,1909f56bfc062723c751e8b465ee728b)
Start importing Assets/_Project/Examples/2D_Pixel/Preview.png using Guid(9ff68924dee8a2846a48689bdb6b144d) Importer(815301076,1909f56bfc062723c751e8b465ee728b)  -> (artifact id: '30183c4b86c103b3e0b34ebd9445df18') in 0.012068 seconds 
  Import took 0.016316 seconds .

========================================================================
Received Import Request.
  Time since last request: 7.781373 seconds.
  path: Assets/_Project/Examples/2D_Pixel/Preview.png
  artifactKey: Guid(9ff68924dee8a2846a48689bdb6b144d) Importer(815301076,1909f56bfc062723c751e8b465ee728b)
Start importing Assets/_Project/Examples/2D_Pixel/Preview.png using Guid(9ff68924dee8a2846a48689bdb6b144d) Importer(815301076,1909f56bfc062723c751e8b465ee728b)  -> (artifact id: '33ac78d02552231508778927f8f85ca5') in 0.031303 seconds 
  Import took 0.034821 seconds .

========================================================================
Received Import Request.
  Time since last request: 181.980160 seconds.
  path: Assets/_Project/Examples/2D_Pixel/Preview.png
  artifactKey: Guid(9ff68924dee8a2846a48689bdb6b144d) Importer(815301076,1909f56bfc062723c751e8b465ee728b)
Start importing Assets/_Project/Examples/2D_Pixel/Preview.png using Guid(9ff68924dee8a2846a48689bdb6b144d) Importer(815301076,1909f56bfc062723c751e8b465ee728b)  -> (artifact id: '6327a3d84e0f7b23174b5b916823a75e') in 0.014979 seconds 
  Import took 0.023244 seconds .

========================================================================
Received Import Request.
  Time since last request: 11.100901 seconds.
  path: Assets/_Project/Examples/2D_Pixel/Preview.png
  artifactKey: Guid(9ff68924dee8a2846a48689bdb6b144d) Importer(815301076,1909f56bfc062723c751e8b465ee728b)
Start importing Assets/_Project/Examples/2D_Pixel/Preview.png using Guid(9ff68924dee8a2846a48689bdb6b144d) Importer(815301076,1909f56bfc062723c751e8b465ee728b)  -> (artifact id: '986d5bb70b0476c68564193e592091da') in 0.014619 seconds 
  Import took 0.018529 seconds .

========================================================================
Received Import Request.
  Time since last request: 64.733296 seconds.
  path: Assets/_Project/Examples/Skybox
  artifactKey: Guid(8cff6111d964a2b4799a4b02a44c39d0) Importer(815301076,1909f56bfc062723c751e8b465ee728b)
Start importing Assets/_Project/Examples/Skybox using Guid(8cff6111d964a2b4799a4b02a44c39d0) Importer(815301076,1909f56bfc062723c751e8b465ee728b)  -> (artifact id: '092d702a204acba3ee737c93d0283dbb') in 0.001402 seconds 
  Import took 0.005203 seconds .

========================================================================
Received Import Request.
  Time since last request: 40.571365 seconds.
  path: Assets/_Project/Examples/Standard
  artifactKey: Guid(7b0dc8523bd5ef64595d4ace4fa9fb7f) Importer(815301076,1909f56bfc062723c751e8b465ee728b)
Start importing Assets/_Project/Examples/Standard using Guid(7b0dc8523bd5ef64595d4ace4fa9fb7f) Importer(815301076,1909f56bfc062723c751e8b465ee728b)  -> (artifact id: 'dde50032acab5f4af2af15a3d14e8df4') in 0.002294 seconds 
  Import took 0.007496 seconds .

========================================================================
Received Import Request.
  Time since last request: 14.771899 seconds.
  path: Assets/_Project/Examples/Standard/Ref.mat
  artifactKey: Guid(391387c37a5a6db4296f22e21890fcd6) Importer(815301076,1909f56bfc062723c751e8b465ee728b)
Start importing Assets/_Project/Examples/Standard/Ref.mat using Guid(391387c37a5a6db4296f22e21890fcd6) Importer(815301076,1909f56bfc062723c751e8b465ee728b)  -> (artifact id: '5bdce2563a66510381fd7a0ddf67b2c4') in 0.138698 seconds 
  Import took 0.152899 seconds .

========================================================================
Received Import Request.
  Time since last request: 2691.029816 seconds.
  path: Assets/_Project/Examples/Math
  artifactKey: Guid(e5011f9cc14763e4a8a791e1ab73517a) Importer(815301076,1909f56bfc062723c751e8b465ee728b)
Start importing Assets/_Project/Examples/Math using Guid(e5011f9cc14763e4a8a791e1ab73517a) Importer(815301076,1909f56bfc062723c751e8b465ee728b)  -> (artifact id: 'bc351e86970f397e2b79b252d460d45c') in 0.001746 seconds 
  Import took 0.228625 seconds .

========================================================================
Received Import Request.
  Time since last request: 93.976312 seconds.
  path: Assets/_Project/Examples/Math/MathPlayground.shadergraph
  artifactKey: Guid(99ebe50a0d684aa47a78f2eaa8748543) Importer(815301076,1909f56bfc062723c751e8b465ee728b)
Start importing Assets/_Project/Examples/Math/MathPlayground.shadergraph using Guid(99ebe50a0d684aa47a78f2eaa8748543) Importer(815301076,1909f56bfc062723c751e8b465ee728b)  -> (artifact id: 'd5fbe3d85e7b9088b7b017ad5595f1cd') in 0.011862 seconds 
  Import took 0.015719 seconds .

========================================================================
Received Import Request.
  Time since last request: 16653.748784 seconds.
  path: Assets/_Project/Shared/Noise.png
  artifactKey: Guid(5bcda3df98e2a604c949b812667ea66c) Importer(815301076,1909f56bfc062723c751e8b465ee728b)
Start importing Assets/_Project/Shared/Noise.png using Guid(5bcda3df98e2a604c949b812667ea66c) Importer(815301076,1909f56bfc062723c751e8b465ee728b)  -> (artifact id: 'b34769728db3356304c089cdb0274b0b') in 0.040240 seconds 
  Import took 0.085393 seconds .

========================================================================
Received Import Request.
  Time since last request: 19.902174 seconds.
  path: Assets/_Project/Shared/checker_001.png
  artifactKey: Guid(8292c8255e3775d49993006099208d2f) Importer(815301076,1909f56bfc062723c751e8b465ee728b)
Start importing Assets/_Project/Shared/checker_001.png using Guid(8292c8255e3775d49993006099208d2f) Importer(815301076,1909f56bfc062723c751e8b465ee728b)  -> (artifact id: '8bc2305945d25db9e2f0b4799ee72e8b') in 0.009641 seconds 
  Import took 0.013426 seconds .

========================================================================
Received Import Request.
  Time since last request: 10.947491 seconds.
  path: Assets/_Project/Shared/random_002.png
  artifactKey: Guid(2d828e981d0f92045b0d0057d547088c) Importer(815301076,1909f56bfc062723c751e8b465ee728b)
Start importing Assets/_Project/Shared/random_002.png using Guid(2d828e981d0f92045b0d0057d547088c) Importer(815301076,1909f56bfc062723c751e8b465ee728b)  -> (artifact id: '2a25bbfdb6a9fce5fc957ba18fa329c6') in 0.011819 seconds 
  Import took 0.015440 seconds .

========================================================================
Received Import Request.
  Time since last request: 0.000275 seconds.
  path: Assets/_Project/Shared/random_003.png
  artifactKey: Guid(54fe9c60cab9a1d42ae472899b1277ae) Importer(815301076,1909f56bfc062723c751e8b465ee728b)
Start importing Assets/_Project/Shared/random_003.png using Guid(54fe9c60cab9a1d42ae472899b1277ae) Importer(815301076,1909f56bfc062723c751e8b465ee728b)  -> (artifact id: 'bb1c3deaa09a5bfc7bd4f8a387d58ad9') in 0.013572 seconds 
  Import took 0.016870 seconds .

========================================================================
Received Import Request.
  Time since last request: 77.589371 seconds.
  path: Assets/_Project/Shared/Noise 1.png
  artifactKey: Guid(19c1a7183b7d16242a9f75d41ed891d5) Importer(815301076,1909f56bfc062723c751e8b465ee728b)
Start importing Assets/_Project/Shared/Noise 1.png using Guid(19c1a7183b7d16242a9f75d41ed891d5) Importer(815301076,1909f56bfc062723c751e8b465ee728b)  -> (artifact id: 'dd4c23279f1905afa2573bd2b4c725cf') in 0.010928 seconds 
  Import took 0.014575 seconds .

========================================================================
Received Import Request.
  Time since last request: 3.956006 seconds.
  path: Assets/_Project/Shared/Noise 1.png
  artifactKey: Guid(19c1a7183b7d16242a9f75d41ed891d5) Importer(815301076,1909f56bfc062723c751e8b465ee728b)
Start importing Assets/_Project/Shared/Noise 1.png using Guid(19c1a7183b7d16242a9f75d41ed891d5) Importer(815301076,1909f56bfc062723c751e8b465ee728b)  -> (artifact id: 'f3e0a33f97c47d8d6d301544c28cfb2e') in 0.022177 seconds 
  Import took 0.073098 seconds .

========================================================================
Received Import Request.
  Time since last request: 3.502786 seconds.
  path: Assets/_Project/Shared/Noise 1.png
  artifactKey: Guid(19c1a7183b7d16242a9f75d41ed891d5) Importer(815301076,1909f56bfc062723c751e8b465ee728b)
Start importing Assets/_Project/Shared/Noise 1.png using Guid(19c1a7183b7d16242a9f75d41ed891d5) Importer(815301076,1909f56bfc062723c751e8b465ee728b)  -> (artifact id: '2abfa5138fe0d64d051dd0f88bc2bbc1') in 0.011848 seconds 
  Import took 0.015643 seconds .

========================================================================
Received Import Request.
  Time since last request: 16.749032 seconds.
  path: Assets/_Project/Shared/Noise_Normal_001.png
  artifactKey: Guid(19c1a7183b7d16242a9f75d41ed891d5) Importer(815301076,1909f56bfc062723c751e8b465ee728b)
Start importing Assets/_Project/Shared/Noise_Normal_001.png using Guid(19c1a7183b7d16242a9f75d41ed891d5) Importer(815301076,1909f56bfc062723c751e8b465ee728b)  -> (artifact id: '2ab2d919feb98c88b0844952a9519750') in 0.014844 seconds 
  Import took 0.018690 seconds .

========================================================================
Received Import Request.
  Time since last request: 4.242885 seconds.
  path: Assets/_Project/Shared/Clouds_001.png
  artifactKey: Guid(5bcda3df98e2a604c949b812667ea66c) Importer(815301076,1909f56bfc062723c751e8b465ee728b)
Start importing Assets/_Project/Shared/Clouds_001.png using Guid(5bcda3df98e2a604c949b812667ea66c) Importer(815301076,1909f56bfc062723c751e8b465ee728b)  -> (artifact id: '70f3d2ffcdd8b63168c8315a81a60472') in 0.014880 seconds 
  Import took 0.019670 seconds .

========================================================================
Received Import Request.
  Time since last request: 4.103212 seconds.
  path: Assets/_Project/Shared/Clouds_Normal_001.png
  artifactKey: Guid(19c1a7183b7d16242a9f75d41ed891d5) Importer(815301076,1909f56bfc062723c751e8b465ee728b)
Start importing Assets/_Project/Shared/Clouds_Normal_001.png using Guid(19c1a7183b7d16242a9f75d41ed891d5) Importer(815301076,1909f56bfc062723c751e8b465ee728b)  -> (artifact id: 'aaeaa3d694f2d675c9650ac6e6f3b897') in 0.011453 seconds 
  Import took 0.015178 seconds .

========================================================================
Received Import Request.
  Time since last request: 6.842083 seconds.
  path: Assets/_Project/Shared/Clouds_Normal_001.png
  artifactKey: Guid(19c1a7183b7d16242a9f75d41ed891d5) Importer(815301076,1909f56bfc062723c751e8b465ee728b)
Start importing Assets/_Project/Shared/Clouds_Normal_001.png using Guid(19c1a7183b7d16242a9f75d41ed891d5) Importer(815301076,1909f56bfc062723c751e8b465ee728b)  -> (artifact id: '276e69a182ebae5cd70bdab1dc2a9407') in 0.018486 seconds 
  Import took 0.021950 seconds .

========================================================================
Received Import Request.
  Time since last request: 3.275577 seconds.
  path: Assets/_Project/Shared/Clouds_Normal_001.png
  artifactKey: Guid(19c1a7183b7d16242a9f75d41ed891d5) Importer(815301076,1909f56bfc062723c751e8b465ee728b)
Start importing Assets/_Project/Shared/Clouds_Normal_001.png using Guid(19c1a7183b7d16242a9f75d41ed891d5) Importer(815301076,1909f56bfc062723c751e8b465ee728b)  -> (artifact id: 'b94497eee3958eec8be8cbac828866b7') in 0.009930 seconds 
  Import took 0.019347 seconds .

========================================================================
Received Import Request.
  Time since last request: 105.310479 seconds.
  path: Assets/_Project/Examples/Standard/Ref.mat
  artifactKey: Guid(391387c37a5a6db4296f22e21890fcd6) Importer(815301076,1909f56bfc062723c751e8b465ee728b)
Start importing Assets/_Project/Examples/Standard/Ref.mat using Guid(391387c37a5a6db4296f22e21890fcd6) Importer(815301076,1909f56bfc062723c751e8b465ee728b)  -> (artifact id: '92694e7ba94535d1d692c2294a6884d3') in 0.031802 seconds 
  Import took 0.074273 seconds .

========================================================================
Received Import Request.
  Time since last request: 4.214581 seconds.
  path: Assets/_Project/Examples/2D_Pixel/2D_Pixel.unity
  artifactKey: Guid(092795270f3e8fe46b3fdf867d5e9e74) Importer(815301076,1909f56bfc062723c751e8b465ee728b)
Start importing Assets/_Project/Examples/2D_Pixel/2D_Pixel.unity using Guid(092795270f3e8fe46b3fdf867d5e9e74) Importer(815301076,1909f56bfc062723c751e8b465ee728b)  -> (artifact id: 'c2b15ba571da8a640ccc64c522ab637c') in 0.001925 seconds 
  Import took 0.118235 seconds .

AssetImportWorkerClient::OnTransportError - code=2 error=End of file
